Mono path[0] = 'D:/steam/steamapps/common/Patrick's Parabox/Patrick's Parabox_Data/Managed'
Mono config path = 'D:/steam/steamapps/common/Patrick's Parabox/MonoBleedingEdge/etc'
Initialize engine version: 2020.3.30f1 (1fb1bf06830e)
[Subsystems] Discovering subsystems at path D:/steam/steamapps/common/Patrick's Parabox/Patrick's Parabox_Data/UnitySubsystems
GfxDevice: creating device client; threaded=1
Direct3D:
    Version:  Direct3D 11.0 [level 11.1]
    Renderer: NVIDIA GeForce RTX 3050 Ti Laptop GPU (ID=0x25e0)
    Vendor:   
    VRAM:     3962 MB
    Driver:   32.0.15.6614
Begin MonoManager ReloadAssembly
- Completed reload, in  0.454 seconds
<RI> Initializing input.
New input system (experimental) initialized
<RI> Initialized touch support.
The referenced script (EditorMonoBehaviour) on this Behaviour is missing!
The referenced script on this Behaviour (Game Object 'World') is missing!
UnloadTime: 8.697300 ms
World awake
OnUserStatsRecieved finished successfully
Direct3D: detected that using refresh rate causes time drift. Will stop trusting refresh rate until the game window is moved.
Direct3D: detected that vsync is broken (it does not limit frame rate properly). Delta time will now be calculated using cpu-side time stampling until the game window is moved.
Direct3D: detected that using refresh rate causes time drift. Will stop trusting refresh rate until the game window is moved.
Direct3D: detected that vsync is broken (it does not limit frame rate properly). Delta time will now be calculated using cpu-side time stampling until the game window is moved.
Setting up 8 worker threads for Enlighten.
  Thread -> id: 1820 -> priority: 1 
  Thread -> id: 2440 -> priority: 1 
  Thread -> id: 5fd8 -> priority: 1 
  Thread -> id: 4518 -> priority: 1 
  Thread -> id: 5774 -> priority: 1 
  Thread -> id: 5610 -> priority: 1 
  Thread -> id: 3f48 -> priority: 1 
  Thread -> id: c9c -> priority: 1 
